<?xml version="1.0" encoding="UTF-8"?>
<testsuites tests="8" failures="0" disabled="0" errors="0" time="0.298" timestamp="2022-09-16T01:55:36" name="AllTests">
  <testsuite name="RosMessageConversion" tests="1" failures="0" disabled="0" errors="0" time="0" timestamp="2022-09-16T01:55:36">
    <testcase name="roundTrip" status="run" result="completed" time="0" timestamp="2022-09-16T01:55:36" classname="RosMessageConversion" />
  </testsuite>
  <testsuite name="RosbagHandling" tests="2" failures="0" disabled="0" errors="0" time="0.02" timestamp="2022-09-16T01:55:36">
    <testcase name="saveLoad" status="run" result="completed" time="0.019" timestamp="2022-09-16T01:55:36" classname="RosbagHandling" />
    <testcase name="saveLoadWithTime" status="run" result="completed" time="0.001" timestamp="2022-09-16T01:55:36" classname="RosbagHandling" />
  </testsuite>
  <testsuite name="OccupancyGridConversion" tests="2" failures="0" disabled="0" errors="0" time="0.001" timestamp="2022-09-16T01:55:36">
    <testcase name="withMove" status="run" result="completed" time="0" timestamp="2022-09-16T01:55:36" classname="OccupancyGridConversion" />
    <testcase name="roundTrip" status="run" result="completed" time="0.001" timestamp="2022-09-16T01:55:36" classname="OccupancyGridConversion" />
  </testsuite>
  <testsuite name="ImageConversion" tests="2" failures="0" disabled="0" errors="0" time="0.004" timestamp="2022-09-16T01:55:36">
    <testcase name="roundTripBGRA8" status="run" result="completed" time="0.003" timestamp="2022-09-16T01:55:36" classname="ImageConversion" />
    <testcase name="roundTripMONO16" status="run" result="completed" time="0.001" timestamp="2022-09-16T01:55:36" classname="ImageConversion" />
  </testsuite>
  <testsuite name="SdfConversion" tests="1" failures="0" disabled="0" errors="0" time="0.273" timestamp="2022-09-16T01:55:36">
    <testcase name="toPointcloud" status="run" result="completed" time="0.273" timestamp="2022-09-16T01:55:36" classname="SdfConversion" />
  </testsuite>
</testsuites>
